八月 03, 2016 10:04:12 上午 org.apache.catalina.startup.VersionLoggerListener log
信息: Server version:        Apache Tomcat/7.0.70
八月 03, 2016 10:04:12 上午 org.apache.catalina.startup.VersionLoggerListener log
信息: Server built:          Jun 15 2016 16:27:45 UTC
八月 03, 2016 10:04:12 上午 org.apache.catalina.startup.VersionLoggerListener log
信息: Server number:         7.0.70.0
八月 03, 2016 10:04:12 上午 org.apache.catalina.startup.VersionLoggerListener log
信息: OS Name:               Windows 7
八月 03, 2016 10:04:12 上午 org.apache.catalina.startup.VersionLoggerListener log
信息: OS Version:            6.1
八月 03, 2016 10:04:12 上午 org.apache.catalina.startup.VersionLoggerListener log
信息: Architecture:          amd64
八月 03, 2016 10:04:12 上午 org.apache.catalina.startup.VersionLoggerListener log
信息: Java Home:             D:\Java\jdk1.7.0_79\jre
八月 03, 2016 10:04:12 上午 org.apache.catalina.startup.VersionLoggerListener log
信息: JVM Version:           1.7.0_79-b15
八月 03, 2016 10:04:12 上午 org.apache.catalina.startup.VersionLoggerListener log
信息: JVM Vendor:            Oracle Corporation
八月 03, 2016 10:04:12 上午 org.apache.catalina.startup.VersionLoggerListener log
信息: CATALINA_BASE:         D:\apache-tomcat-8081
八月 03, 2016 10:04:12 上午 org.apache.catalina.startup.VersionLoggerListener log
信息: CATALINA_HOME:         D:\apache-tomcat-8081
八月 03, 2016 10:04:12 上午 org.apache.catalina.startup.VersionLoggerListener log
信息: Command line argument: -Djdk.tls.ephemeralDHKeySize=2048
八月 03, 2016 10:04:12 上午 org.apache.catalina.startup.VersionLoggerListener log
信息: Command line argument: -Djava.util.logging.config.file=D:\apache-tomcat-8081\conf\logging.properties
八月 03, 2016 10:04:12 上午 org.apache.catalina.startup.VersionLoggerListener log
信息: Command line argument: -Djava.util.logging.manager=org.apache.juli.ClassLoaderLogManager
八月 03, 2016 10:04:12 上午 org.apache.catalina.startup.VersionLoggerListener log
信息: Command line argument: -Djava.endorsed.dirs=D:\apache-tomcat-8081\endorsed
八月 03, 2016 10:04:12 上午 org.apache.catalina.startup.VersionLoggerListener log
信息: Command line argument: -Dcatalina.base=D:\apache-tomcat-8081
八月 03, 2016 10:04:12 上午 org.apache.catalina.startup.VersionLoggerListener log
信息: Command line argument: -Dcatalina.home=D:\apache-tomcat-8081
八月 03, 2016 10:04:12 上午 org.apache.catalina.startup.VersionLoggerListener log
信息: Command line argument: -Djava.io.tmpdir=D:\apache-tomcat-8081\temp
八月 03, 2016 10:04:12 上午 org.apache.catalina.core.AprLifecycleListener lifecycleEvent
信息: Loaded APR based Apache Tomcat Native library 1.2.7 using APR version 1.5.2.
八月 03, 2016 10:04:12 上午 org.apache.catalina.core.AprLifecycleListener lifecycleEvent
信息: APR capabilities: IPv6 [true], sendfile [true], accept filters [false], random [true].
八月 03, 2016 10:04:13 上午 org.apache.catalina.core.AprLifecycleListener initializeSSL
信息: OpenSSL successfully initialized (OpenSSL 1.0.2h  3 May 2016)
八月 03, 2016 10:04:13 上午 org.apache.coyote.AbstractProtocol init
信息: Initializing ProtocolHandler ["http-apr-8081"]
八月 03, 2016 10:04:13 上午 org.apache.coyote.AbstractProtocol init
信息: Initializing ProtocolHandler ["ajp-apr-8009"]
八月 03, 2016 10:04:14 上午 org.apache.catalina.startup.Catalina load
信息: Initialization processed in 1834 ms
八月 03, 2016 10:04:14 上午 org.apache.catalina.core.StandardService startInternal
信息: Starting service Catalina
八月 03, 2016 10:04:14 上午 org.apache.catalina.core.StandardEngine startInternal
信息: Starting Servlet Engine: Apache Tomcat/7.0.70
八月 03, 2016 10:04:14 上午 org.apache.catalina.startup.HostConfig deployDirectory
信息: Deploying web application directory D:\apache-tomcat-8081\webapps\ROOT
八月 03, 2016 10:04:15 上午 org.apache.catalina.util.SessionIdGeneratorBase createSecureRandom
信息: Creation of SecureRandom instance for session ID generation using [SHA1PRNG] took [861] milliseconds.
八月 03, 2016 10:04:15 上午 org.apache.catalina.startup.HostConfig deployDirectory
信息: Deployment of web application directory D:\apache-tomcat-8081\webapps\ROOT has finished in 1,400 ms
八月 03, 2016 10:04:15 上午 org.apache.coyote.AbstractProtocol start
信息: Starting ProtocolHandler ["http-apr-8081"]
八月 03, 2016 10:04:15 上午 org.apache.coyote.AbstractProtocol start
信息: Starting ProtocolHandler ["ajp-apr-8009"]
八月 03, 2016 10:04:15 上午 org.apache.catalina.startup.Catalina start
信息: Server startup in 1515 ms
八月 03, 2016 10:26:09 上午 org.apache.catalina.startup.VersionLoggerListener log
信息: Server version:        Apache Tomcat/7.0.70
八月 03, 2016 10:26:09 上午 org.apache.catalina.startup.VersionLoggerListener log
信息: Server built:          Jun 15 2016 16:27:45 UTC
八月 03, 2016 10:26:09 上午 org.apache.catalina.startup.VersionLoggerListener log
信息: Server number:         7.0.70.0
八月 03, 2016 10:26:09 上午 org.apache.catalina.startup.VersionLoggerListener log
信息: OS Name:               Windows 7
八月 03, 2016 10:26:09 上午 org.apache.catalina.startup.VersionLoggerListener log
信息: OS Version:            6.1
八月 03, 2016 10:26:09 上午 org.apache.catalina.startup.VersionLoggerListener log
信息: Architecture:          amd64
八月 03, 2016 10:26:09 上午 org.apache.catalina.startup.VersionLoggerListener log
信息: Java Home:             D:\Java\jdk1.7.0_79\jre
八月 03, 2016 10:26:09 上午 org.apache.catalina.startup.VersionLoggerListener log
信息: JVM Version:           1.7.0_79-b15
八月 03, 2016 10:26:09 上午 org.apache.catalina.startup.VersionLoggerListener log
信息: JVM Vendor:            Oracle Corporation
八月 03, 2016 10:26:09 上午 org.apache.catalina.startup.VersionLoggerListener log
信息: CATALINA_BASE:         D:\apache-tomcat-8081
八月 03, 2016 10:26:09 上午 org.apache.catalina.startup.VersionLoggerListener log
信息: CATALINA_HOME:         D:\apache-tomcat-8081
八月 03, 2016 10:26:09 上午 org.apache.catalina.startup.VersionLoggerListener log
信息: Command line argument: -Djdk.tls.ephemeralDHKeySize=2048
八月 03, 2016 10:26:09 上午 org.apache.catalina.startup.VersionLoggerListener log
信息: Command line argument: -Djava.util.logging.config.file=D:\apache-tomcat-8081\conf\logging.properties
八月 03, 2016 10:26:09 上午 org.apache.catalina.startup.VersionLoggerListener log
信息: Command line argument: -Djava.util.logging.manager=org.apache.juli.ClassLoaderLogManager
八月 03, 2016 10:26:09 上午 org.apache.catalina.startup.VersionLoggerListener log
信息: Command line argument: -Djava.endorsed.dirs=D:\apache-tomcat-8081\endorsed
八月 03, 2016 10:26:09 上午 org.apache.catalina.startup.VersionLoggerListener log
信息: Command line argument: -Dcatalina.base=D:\apache-tomcat-8081
八月 03, 2016 10:26:09 上午 org.apache.catalina.startup.VersionLoggerListener log
信息: Command line argument: -Dcatalina.home=D:\apache-tomcat-8081
八月 03, 2016 10:26:09 上午 org.apache.catalina.startup.VersionLoggerListener log
信息: Command line argument: -Djava.io.tmpdir=D:\apache-tomcat-8081\temp
八月 03, 2016 10:26:09 上午 org.apache.catalina.core.AprLifecycleListener lifecycleEvent
信息: Loaded APR based Apache Tomcat Native library 1.2.7 using APR version 1.5.2.
八月 03, 2016 10:26:09 上午 org.apache.catalina.core.AprLifecycleListener lifecycleEvent
信息: APR capabilities: IPv6 [true], sendfile [true], accept filters [false], random [true].
八月 03, 2016 10:26:10 上午 org.apache.catalina.core.AprLifecycleListener initializeSSL
信息: OpenSSL successfully initialized (OpenSSL 1.0.2h  3 May 2016)
八月 03, 2016 10:26:10 上午 org.apache.coyote.AbstractProtocol init
信息: Initializing ProtocolHandler ["http-apr-8081"]
八月 03, 2016 10:26:10 上午 org.apache.coyote.AbstractProtocol init
信息: Initializing ProtocolHandler ["ajp-apr-8009"]
八月 03, 2016 10:26:10 上午 org.apache.catalina.startup.Catalina load
信息: Initialization processed in 1282 ms
八月 03, 2016 10:26:10 上午 org.apache.catalina.core.StandardService startInternal
信息: Starting service Catalina
八月 03, 2016 10:26:10 上午 org.apache.catalina.core.StandardEngine startInternal
信息: Starting Servlet Engine: Apache Tomcat/7.0.70
八月 03, 2016 10:26:10 上午 org.apache.catalina.startup.HostConfig deployDirectory
信息: Deploying web application directory D:\apache-tomcat-8081\webapps\ROOT
八月 03, 2016 10:26:10 上午 org.apache.catalina.startup.HostConfig deployDirectory
信息: Deployment of web application directory D:\apache-tomcat-8081\webapps\ROOT has finished in 359 ms
八月 03, 2016 10:26:10 上午 org.apache.coyote.AbstractProtocol start
信息: Starting ProtocolHandler ["http-apr-8081"]
八月 03, 2016 10:26:10 上午 org.apache.coyote.AbstractProtocol start
信息: Starting ProtocolHandler ["ajp-apr-8009"]
八月 03, 2016 10:26:10 上午 org.apache.catalina.startup.Catalina start
信息: Server startup in 403 ms
八月 03, 2016 11:22:25 上午 org.apache.catalina.startup.VersionLoggerListener log
信息: Server version:        Apache Tomcat/7.0.70
八月 03, 2016 11:22:25 上午 org.apache.catalina.startup.VersionLoggerListener log
信息: Server built:          Jun 15 2016 16:27:45 UTC
八月 03, 2016 11:22:25 上午 org.apache.catalina.startup.VersionLoggerListener log
信息: Server number:         7.0.70.0
八月 03, 2016 11:22:25 上午 org.apache.catalina.startup.VersionLoggerListener log
信息: OS Name:               Windows 7
八月 03, 2016 11:22:25 上午 org.apache.catalina.startup.VersionLoggerListener log
信息: OS Version:            6.1
八月 03, 2016 11:22:25 上午 org.apache.catalina.startup.VersionLoggerListener log
信息: Architecture:          amd64
八月 03, 2016 11:22:25 上午 org.apache.catalina.startup.VersionLoggerListener log
信息: Java Home:             D:\Java\jdk1.7.0_79\jre
八月 03, 2016 11:22:25 上午 org.apache.catalina.startup.VersionLoggerListener log
信息: JVM Version:           1.7.0_79-b15
八月 03, 2016 11:22:25 上午 org.apache.catalina.startup.VersionLoggerListener log
信息: JVM Vendor:            Oracle Corporation
八月 03, 2016 11:22:25 上午 org.apache.catalina.startup.VersionLoggerListener log
信息: CATALINA_BASE:         D:\apache-tomcat-8081
八月 03, 2016 11:22:25 上午 org.apache.catalina.startup.VersionLoggerListener log
信息: CATALINA_HOME:         D:\apache-tomcat-8081
八月 03, 2016 11:22:25 上午 org.apache.catalina.startup.VersionLoggerListener log
信息: Command line argument: -Djdk.tls.ephemeralDHKeySize=2048
八月 03, 2016 11:22:25 上午 org.apache.catalina.startup.VersionLoggerListener log
信息: Command line argument: -Djava.util.logging.config.file=D:\apache-tomcat-8081\conf\logging.properties
八月 03, 2016 11:22:25 上午 org.apache.catalina.startup.VersionLoggerListener log
信息: Command line argument: -Djava.util.logging.manager=org.apache.juli.ClassLoaderLogManager
八月 03, 2016 11:22:25 上午 org.apache.catalina.startup.VersionLoggerListener log
信息: Command line argument: -Djava.endorsed.dirs=D:\apache-tomcat-8081\endorsed
八月 03, 2016 11:22:25 上午 org.apache.catalina.startup.VersionLoggerListener log
信息: Command line argument: -Dcatalina.base=D:\apache-tomcat-8081
八月 03, 2016 11:22:25 上午 org.apache.catalina.startup.VersionLoggerListener log
信息: Command line argument: -Dcatalina.home=D:\apache-tomcat-8081
八月 03, 2016 11:22:25 上午 org.apache.catalina.startup.VersionLoggerListener log
信息: Command line argument: -Djava.io.tmpdir=D:\apache-tomcat-8081\temp
八月 03, 2016 11:22:25 上午 org.apache.catalina.core.AprLifecycleListener lifecycleEvent
信息: Loaded APR based Apache Tomcat Native library 1.2.7 using APR version 1.5.2.
八月 03, 2016 11:22:25 上午 org.apache.catalina.core.AprLifecycleListener lifecycleEvent
信息: APR capabilities: IPv6 [true], sendfile [true], accept filters [false], random [true].
八月 03, 2016 11:22:26 上午 org.apache.catalina.core.AprLifecycleListener initializeSSL
信息: OpenSSL successfully initialized (OpenSSL 1.0.2h  3 May 2016)
八月 03, 2016 11:22:26 上午 org.apache.coyote.AbstractProtocol init
信息: Initializing ProtocolHandler ["http-apr-8081"]
八月 03, 2016 11:22:26 上午 org.apache.coyote.AbstractProtocol init
信息: Initializing ProtocolHandler ["ajp-apr-8009"]
八月 03, 2016 11:22:26 上午 org.apache.catalina.startup.Catalina load
信息: Initialization processed in 1138 ms
八月 03, 2016 11:22:26 上午 org.apache.catalina.core.StandardService startInternal
信息: Starting service Catalina
八月 03, 2016 11:22:26 上午 org.apache.catalina.core.StandardEngine startInternal
信息: Starting Servlet Engine: Apache Tomcat/7.0.70
八月 03, 2016 11:22:26 上午 org.apache.catalina.startup.HostConfig deployDirectory
信息: Deploying web application directory D:\apache-tomcat-8081\webapps\ROOT
八月 03, 2016 11:22:26 上午 org.apache.catalina.startup.HostConfig deployDirectory
信息: Deployment of web application directory D:\apache-tomcat-8081\webapps\ROOT has finished in 422 ms
八月 03, 2016 11:22:26 上午 org.apache.coyote.AbstractProtocol start
信息: Starting ProtocolHandler ["http-apr-8081"]
八月 03, 2016 11:22:26 上午 org.apache.coyote.AbstractProtocol start
信息: Starting ProtocolHandler ["ajp-apr-8009"]
八月 03, 2016 11:22:26 上午 org.apache.catalina.startup.Catalina start
信息: Server startup in 470 ms
