七月 06, 2016 8:40:34 上午 org.apache.catalina.startup.VersionLoggerListener log
信息: Server version:        Apache Tomcat/7.0.70
七月 06, 2016 8:40:34 上午 org.apache.catalina.startup.VersionLoggerListener log
信息: Server built:          Jun 15 2016 16:27:45 UTC
七月 06, 2016 8:40:34 上午 org.apache.catalina.startup.VersionLoggerListener log
信息: Server number:         7.0.70.0
七月 06, 2016 8:40:34 上午 org.apache.catalina.startup.VersionLoggerListener log
信息: OS Name:               Windows 7
七月 06, 2016 8:40:34 上午 org.apache.catalina.startup.VersionLoggerListener log
信息: OS Version:            6.1
七月 06, 2016 8:40:34 上午 org.apache.catalina.startup.VersionLoggerListener log
信息: Architecture:          amd64
七月 06, 2016 8:40:34 上午 org.apache.catalina.startup.VersionLoggerListener log
信息: Java Home:             D:\Java\jdk1.7.0_79\jre
七月 06, 2016 8:40:34 上午 org.apache.catalina.startup.VersionLoggerListener log
信息: JVM Version:           1.7.0_79-b15
七月 06, 2016 8:40:34 上午 org.apache.catalina.startup.VersionLoggerListener log
信息: JVM Vendor:            Oracle Corporation
七月 06, 2016 8:40:34 上午 org.apache.catalina.startup.VersionLoggerListener log
信息: CATALINA_BASE:         D:\apache-tomcat-7.0.70
七月 06, 2016 8:40:34 上午 org.apache.catalina.startup.VersionLoggerListener log
信息: CATALINA_HOME:         D:\apache-tomcat-7.0.70
七月 06, 2016 8:40:34 上午 org.apache.catalina.startup.VersionLoggerListener log
信息: Command line argument: -Djdk.tls.ephemeralDHKeySize=2048
七月 06, 2016 8:40:34 上午 org.apache.catalina.startup.VersionLoggerListener log
信息: Command line argument: -Djava.util.logging.config.file=D:\apache-tomcat-7.0.70\conf\logging.properties
七月 06, 2016 8:40:34 上午 org.apache.catalina.startup.VersionLoggerListener log
信息: Command line argument: -Djava.util.logging.manager=org.apache.juli.ClassLoaderLogManager
七月 06, 2016 8:40:34 上午 org.apache.catalina.startup.VersionLoggerListener log
信息: Command line argument: -Djava.endorsed.dirs=D:\apache-tomcat-7.0.70\endorsed
七月 06, 2016 8:40:34 上午 org.apache.catalina.startup.VersionLoggerListener log
信息: Command line argument: -Dcatalina.base=D:\apache-tomcat-7.0.70
七月 06, 2016 8:40:34 上午 org.apache.catalina.startup.VersionLoggerListener log
信息: Command line argument: -Dcatalina.home=D:\apache-tomcat-7.0.70
七月 06, 2016 8:40:34 上午 org.apache.catalina.startup.VersionLoggerListener log
信息: Command line argument: -Djava.io.tmpdir=D:\apache-tomcat-7.0.70\temp
七月 06, 2016 8:40:34 上午 org.apache.catalina.core.AprLifecycleListener lifecycleEvent
信息: Loaded APR based Apache Tomcat Native library 1.2.7 using APR version 1.5.2.
七月 06, 2016 8:40:34 上午 org.apache.catalina.core.AprLifecycleListener lifecycleEvent
信息: APR capabilities: IPv6 [true], sendfile [true], accept filters [false], random [true].
七月 06, 2016 8:40:34 上午 org.apache.catalina.core.AprLifecycleListener initializeSSL
信息: OpenSSL successfully initialized (OpenSSL 1.0.2h  3 May 2016)
七月 06, 2016 8:40:34 上午 org.apache.coyote.AbstractProtocol init
信息: Initializing ProtocolHandler ["http-apr-8080"]
七月 06, 2016 8:40:34 上午 org.apache.coyote.AbstractProtocol init
信息: Initializing ProtocolHandler ["ajp-apr-8009"]
七月 06, 2016 8:40:34 上午 org.apache.catalina.startup.Catalina load
信息: Initialization processed in 897 ms
七月 06, 2016 8:40:34 上午 org.apache.catalina.core.StandardService startInternal
信息: Starting service Catalina
七月 06, 2016 8:40:34 上午 org.apache.catalina.core.StandardEngine startInternal
信息: Starting Servlet Engine: Apache Tomcat/7.0.70
七月 06, 2016 8:40:34 上午 org.apache.catalina.startup.HostConfig deployDirectory
信息: Deploying web application directory D:\apache-tomcat-7.0.70\webapps\ROOT
七月 06, 2016 8:40:35 上午 org.apache.catalina.startup.HostConfig deployDirectory
信息: Deployment of web application directory D:\apache-tomcat-7.0.70\webapps\ROOT has finished in 384 ms
七月 06, 2016 8:40:35 上午 org.apache.coyote.AbstractProtocol start
信息: Starting ProtocolHandler ["http-apr-8080"]
七月 06, 2016 8:40:35 上午 org.apache.coyote.AbstractProtocol start
信息: Starting ProtocolHandler ["ajp-apr-8009"]
七月 06, 2016 8:40:35 上午 org.apache.catalina.startup.Catalina start
信息: Server startup in 429 ms
七月 06, 2016 5:30:18 下午 org.apache.catalina.startup.VersionLoggerListener log
信息: Server version:        Apache Tomcat/7.0.70
七月 06, 2016 5:30:18 下午 org.apache.catalina.startup.VersionLoggerListener log
信息: Server built:          Jun 15 2016 16:27:45 UTC
七月 06, 2016 5:30:18 下午 org.apache.catalina.startup.VersionLoggerListener log
信息: Server number:         7.0.70.0
七月 06, 2016 5:30:18 下午 org.apache.catalina.startup.VersionLoggerListener log
信息: OS Name:               Windows 7
七月 06, 2016 5:30:18 下午 org.apache.catalina.startup.VersionLoggerListener log
信息: OS Version:            6.1
七月 06, 2016 5:30:18 下午 org.apache.catalina.startup.VersionLoggerListener log
信息: Architecture:          amd64
七月 06, 2016 5:30:18 下午 org.apache.catalina.startup.VersionLoggerListener log
信息: Java Home:             D:\Java\jdk1.7.0_79\jre
七月 06, 2016 5:30:18 下午 org.apache.catalina.startup.VersionLoggerListener log
信息: JVM Version:           1.7.0_79-b15
七月 06, 2016 5:30:18 下午 org.apache.catalina.startup.VersionLoggerListener log
信息: JVM Vendor:            Oracle Corporation
七月 06, 2016 5:30:18 下午 org.apache.catalina.startup.VersionLoggerListener log
信息: CATALINA_BASE:         D:\apache-tomcat-7.0.70
七月 06, 2016 5:30:18 下午 org.apache.catalina.startup.VersionLoggerListener log
信息: CATALINA_HOME:         D:\apache-tomcat-7.0.70
七月 06, 2016 5:30:18 下午 org.apache.catalina.startup.VersionLoggerListener log
信息: Command line argument: -Djdk.tls.ephemeralDHKeySize=2048
七月 06, 2016 5:30:18 下午 org.apache.catalina.startup.VersionLoggerListener log
信息: Command line argument: -Djava.util.logging.config.file=D:\apache-tomcat-7.0.70\conf\logging.properties
七月 06, 2016 5:30:18 下午 org.apache.catalina.startup.VersionLoggerListener log
信息: Command line argument: -Djava.util.logging.manager=org.apache.juli.ClassLoaderLogManager
七月 06, 2016 5:30:18 下午 org.apache.catalina.startup.VersionLoggerListener log
信息: Command line argument: -Djava.endorsed.dirs=D:\apache-tomcat-7.0.70\endorsed
七月 06, 2016 5:30:18 下午 org.apache.catalina.startup.VersionLoggerListener log
信息: Command line argument: -Dcatalina.base=D:\apache-tomcat-7.0.70
七月 06, 2016 5:30:18 下午 org.apache.catalina.startup.VersionLoggerListener log
信息: Command line argument: -Dcatalina.home=D:\apache-tomcat-7.0.70
七月 06, 2016 5:30:18 下午 org.apache.catalina.startup.VersionLoggerListener log
信息: Command line argument: -Djava.io.tmpdir=D:\apache-tomcat-7.0.70\temp
七月 06, 2016 5:30:18 下午 org.apache.catalina.core.AprLifecycleListener lifecycleEvent
信息: Loaded APR based Apache Tomcat Native library 1.2.7 using APR version 1.5.2.
七月 06, 2016 5:30:18 下午 org.apache.catalina.core.AprLifecycleListener lifecycleEvent
信息: APR capabilities: IPv6 [true], sendfile [true], accept filters [false], random [true].
七月 06, 2016 5:30:19 下午 org.apache.catalina.core.AprLifecycleListener initializeSSL
信息: OpenSSL successfully initialized (OpenSSL 1.0.2h  3 May 2016)
七月 06, 2016 5:30:19 下午 org.apache.coyote.AbstractProtocol init
信息: Initializing ProtocolHandler ["http-apr-8080"]
七月 06, 2016 5:30:19 下午 org.apache.coyote.AbstractProtocol init
信息: Initializing ProtocolHandler ["ajp-apr-8009"]
七月 06, 2016 5:30:19 下午 org.apache.catalina.startup.Catalina load
信息: Initialization processed in 3762 ms
七月 06, 2016 5:30:19 下午 org.apache.catalina.core.StandardService startInternal
信息: Starting service Catalina
七月 06, 2016 5:30:19 下午 org.apache.catalina.core.StandardEngine startInternal
信息: Starting Servlet Engine: Apache Tomcat/7.0.70
七月 06, 2016 5:30:19 下午 org.apache.catalina.startup.HostConfig deployDirectory
信息: Deploying web application directory D:\apache-tomcat-7.0.70\webapps\ROOT
七月 06, 2016 5:30:21 下午 org.apache.catalina.startup.HostConfig deployDirectory
信息: Deployment of web application directory D:\apache-tomcat-7.0.70\webapps\ROOT has finished in 1,371 ms
七月 06, 2016 5:30:21 下午 org.apache.coyote.AbstractProtocol start
信息: Starting ProtocolHandler ["http-apr-8080"]
七月 06, 2016 5:30:21 下午 org.apache.coyote.AbstractProtocol start
信息: Starting ProtocolHandler ["ajp-apr-8009"]
七月 06, 2016 5:30:21 下午 org.apache.catalina.startup.Catalina start
信息: Server startup in 1454 ms
